sysbench 1.0.19 (using bundled LuaJIT 2.1.0-beta2)

Running the test with following options:
Number of threads: 100
Report intermediate results every 10 second(s)
Initializing random number generator from current time


Initializing worker threads...

Threads started!

[ 10s ] thds: 100 tps: 9805.11 qps: 9805.11 (r/w/o: 9805.11/0.00/0.00) lat (ms,95%): 18.61 err/s: 0.00 reconn/s: 0.00
[ 20s ] thds: 100 tps: 9997.90 qps: 9997.90 (r/w/o: 9997.90/0.00/0.00) lat (ms,95%): 17.95 err/s: 0.00 reconn/s: 0.00
[ 30s ] thds: 100 tps: 10149.04 qps: 10149.04 (r/w/o: 10149.04/0.00/0.00) lat (ms,95%): 17.32 err/s: 0.00 reconn/s: 0.00
[ 40s ] thds: 100 tps: 10099.23 qps: 10099.23 (r/w/o: 10099.23/0.00/0.00) lat (ms,95%): 17.32 err/s: 0.00 reconn/s: 0.00
[ 50s ] thds: 100 tps: 10167.57 qps: 10167.57 (r/w/o: 10167.57/0.00/0.00) lat (ms,95%): 17.63 err/s: 0.00 reconn/s: 0.00
[ 60s ] thds: 100 tps: 10159.42 qps: 10159.42 (r/w/o: 10159.42/0.00/0.00) lat (ms,95%): 17.32 err/s: 0.00 reconn/s: 0.00
[ 70s ] thds: 100 tps: 10255.60 qps: 10255.60 (r/w/o: 10255.60/0.00/0.00) lat (ms,95%): 17.01 err/s: 0.00 reconn/s: 0.00
[ 80s ] thds: 100 tps: 10101.29 qps: 10101.29 (r/w/o: 10101.29/0.00/0.00) lat (ms,95%): 17.63 err/s: 0.00 reconn/s: 0.00
[ 90s ] thds: 100 tps: 10076.11 qps: 10076.11 (r/w/o: 10076.11/0.00/0.00) lat (ms,95%): 17.63 err/s: 0.00 reconn/s: 0.00
[ 100s ] thds: 100 tps: 10081.50 qps: 10081.50 (r/w/o: 10081.50/0.00/0.00) lat (ms,95%): 17.32 err/s: 0.00 reconn/s: 0.00
[ 110s ] thds: 100 tps: 9196.93 qps: 9196.93 (r/w/o: 9196.93/0.00/0.00) lat (ms,95%): 20.74 err/s: 0.00 reconn/s: 0.00
[ 120s ] thds: 100 tps: 7984.99 qps: 7984.99 (r/w/o: 7984.99/0.00/0.00) lat (ms,95%): 25.28 err/s: 0.00 reconn/s: 0.00
[ 130s ] thds: 100 tps: 7830.92 qps: 7830.92 (r/w/o: 7830.92/0.00/0.00) lat (ms,95%): 25.74 err/s: 0.00 reconn/s: 0.00
[ 140s ] thds: 100 tps: 9242.73 qps: 9242.73 (r/w/o: 9242.73/0.00/0.00) lat (ms,95%): 20.00 err/s: 0.00 reconn/s: 0.00
[ 150s ] thds: 100 tps: 8374.35 qps: 8374.35 (r/w/o: 8374.35/0.00/0.00) lat (ms,95%): 23.10 err/s: 0.00 reconn/s: 0.00
[ 160s ] thds: 100 tps: 7874.68 qps: 7874.68 (r/w/o: 7874.68/0.00/0.00) lat (ms,95%): 23.95 err/s: 0.00 reconn/s: 0.00
[ 170s ] thds: 100 tps: 8901.43 qps: 8901.43 (r/w/o: 8901.43/0.00/0.00) lat (ms,95%): 20.37 err/s: 0.00 reconn/s: 0.00
[ 180s ] thds: 100 tps: 8595.91 qps: 8595.91 (r/w/o: 8595.91/0.00/0.00) lat (ms,95%): 21.89 err/s: 0.00 reconn/s: 0.00
[ 190s ] thds: 100 tps: 8479.68 qps: 8479.68 (r/w/o: 8479.68/0.00/0.00) lat (ms,95%): 22.28 err/s: 0.00 reconn/s: 0.00
[ 200s ] thds: 100 tps: 8468.59 qps: 8468.59 (r/w/o: 8468.59/0.00/0.00) lat (ms,95%): 22.28 err/s: 0.00 reconn/s: 0.00
[ 210s ] thds: 100 tps: 8846.84 qps: 8846.84 (r/w/o: 8846.84/0.00/0.00) lat (ms,95%): 21.50 err/s: 0.00 reconn/s: 0.00
[ 220s ] thds: 100 tps: 8791.42 qps: 8791.42 (r/w/o: 8791.42/0.00/0.00) lat (ms,95%): 21.50 err/s: 0.00 reconn/s: 0.00
[ 230s ] thds: 100 tps: 7830.44 qps: 7830.44 (r/w/o: 7830.44/0.00/0.00) lat (ms,95%): 25.74 err/s: 0.00 reconn/s: 0.00
[ 240s ] thds: 100 tps: 7147.09 qps: 7147.09 (r/w/o: 7147.09/0.00/0.00) lat (ms,95%): 29.19 err/s: 0.00 reconn/s: 0.00
[ 250s ] thds: 100 tps: 8660.17 qps: 8660.17 (r/w/o: 8660.17/0.00/0.00) lat (ms,95%): 21.50 err/s: 0.00 reconn/s: 0.00
[ 260s ] thds: 100 tps: 8763.06 qps: 8763.06 (r/w/o: 8763.06/0.00/0.00) lat (ms,95%): 21.89 err/s: 0.00 reconn/s: 0.00
[ 270s ] thds: 100 tps: 8279.59 qps: 8279.59 (r/w/o: 8279.59/0.00/0.00) lat (ms,95%): 25.28 err/s: 0.00 reconn/s: 0.00
[ 280s ] thds: 100 tps: 9390.22 qps: 9390.22 (r/w/o: 9390.22/0.00/0.00) lat (ms,95%): 19.29 err/s: 0.00 reconn/s: 0.00
[ 290s ] thds: 100 tps: 8812.90 qps: 8812.90 (r/w/o: 8812.90/0.00/0.00) lat (ms,95%): 21.89 err/s: 0.00 reconn/s: 0.00
[ 300s ] thds: 97 tps: 8514.04 qps: 8514.04 (r/w/o: 8514.04/0.00/0.00) lat (ms,95%): 23.10 err/s: 0.00 reconn/s: 0.00
SQL statistics:
    queries performed:
        read:                            2708965
        write:                           0
        other:                           0
        total:                           2708965
    transactions:                        2708965 (9029.08 per sec.)
    queries:                             2708965 (9029.08 per sec.)
    ignored errors:                      0      (0.00 per sec.)
    reconnects:                          0      (0.00 per sec.)

General statistics:
    total time:                          300.0253s
    total number of events:              2708965

Latency (ms):
         min:                                    0.60
         avg:                                   11.07
         max:                                  106.31
         95th percentile:                       21.11
         sum:                             29996120.31

Threads fairness:
    events (avg/stddev):           27089.6500/47.76
    execution time (avg/stddev):   299.9612/0.01

